{
  "RSpec": {
    "coverage": {
      "/Users/DanDevOps/Desktop/Web design/MyCodeCraft/career_tool/app/helpers/admin/jobs_helper.rb": [
        1,
        null
      ],
      "/Users/DanDevOps/Desktop/Web design/MyCodeCraft/career_tool/app/helpers/application_helper.rb": [
        1,
        null
      ],
      "/Users/DanDevOps/Desktop/Web design/MyCodeCraft/career_tool/app/controllers/admin/jobs_controller.rb": [
        1,
        null,
        1,
        null,
        null,
        null,
        null
      ],
      "/Users/DanDevOps/Desktop/Web design/MyCodeCraft/career_tool/app/controllers/application_controller.rb": [
        1,
        1,
        null
      ],
      "/Users/DanDevOps/Desktop/Web design/MyCodeCraft/career_tool/app/channels/application_cable/channel.rb": [
        0,
        0,
        0,
        0
      ],
      "/Users/DanDevOps/Desktop/Web design/MyCodeCraft/career_tool/app/channels/application_cable/connection.rb": [
        0,
        0,
        0,
        0
      ],
      "/Users/DanDevOps/Desktop/Web design/MyCodeCraft/career_tool/app/jobs/application_job.rb": [
        0,
        0
      ],
      "/Users/DanDevOps/Desktop/Web design/MyCodeCraft/career_tool/app/mailers/application_mailer.rb": [
        0,
        0,
        0,
        0
      ],
      "/Users/DanDevOps/Desktop/Web design/MyCodeCraft/career_tool/app/models/application_record.rb": [
        0,
        0,
        0
      ]
    },
    "timestamp": 1515279435
  }
}
