{
  "RSpec": {
    "coverage": {
      "/Users/DanDevOps/Desktop/Web design/MyCodeCraft/career_tool/app/helpers/admin/job_families_helper.rb": [
        1,
        null
      ],
      "/Users/DanDevOps/Desktop/Web design/MyCodeCraft/career_tool/app/helpers/admin/jobs_helper.rb": [
        1,
        null
      ],
      "/Users/DanDevOps/Desktop/Web design/MyCodeCraft/career_tool/app/helpers/admin/primary_clusters_helper.rb": [
        1,
        null
      ],
      "/Users/DanDevOps/Desktop/Web design/MyCodeCraft/career_tool/app/helpers/application_helper.rb": [
        1,
        null
      ],
      "/Users/DanDevOps/Desktop/Web design/MyCodeCraft/career_tool/app/controllers/admin/job_families_controller.rb": [
        1,
        null,
        null,
        1,
        0,
        null,
        null,
        1,
        0,
        0,
        0,
        0,
        null,
        null,
        null,
        null,
        1,
        null,
        1,
        null,
        0,
        null,
        null,
        null,
        null,
        null
      ],
      "/Users/DanDevOps/Desktop/Web design/MyCodeCraft/career_tool/app/controllers/application_controller.rb": [
        1,
        1,
        null,
        1,
        null,
        1,
        null,
        1,
        0,
        0,
        null,
        null,
        null,
        1,
        null,
        1,
        0,
        null,
        null,
        null,
        1,
        0,
        0,
        0,
        0,
        0,
        0,
        null,
        0,
        null,
        null,
        null,
        null
      ],
      "/Users/DanDevOps/Desktop/Web design/MyCodeCraft/career_tool/app/controllers/admin/jobs_controller.rb": [
        1,
        null,
        1,
        null,
        1,
        null,
        null,
        null,
        null
      ],
      "/Users/DanDevOps/Desktop/Web design/MyCodeCraft/career_tool/app/controllers/admin/primary_clusters_controller.rb": [
        1,
        null,
        1,
        0,
        null,
        null,
        null
      ],
      "/Users/DanDevOps/Desktop/Web design/MyCodeCraft/career_tool/app/models/job_family.rb": [
        1,
        null,
        1,
        null,
        1,
        null,
        null,
        1,
        null,
        1,
        0,
        null,
        null,
        null,
        null,
        null
      ],
      "/Users/DanDevOps/Desktop/Web design/MyCodeCraft/career_tool/app/models/primary_cluster.rb": [
        1,
        null,
        1,
        null,
        1,
        null,
        null,
        1,
        null,
        1,
        0,
        null,
        null,
        null
      ],
      "/Users/DanDevOps/Desktop/Web design/MyCodeCraft/career_tool/app/channels/application_cable/channel.rb": [
        0,
        0,
        0,
        0
      ],
      "/Users/DanDevOps/Desktop/Web design/MyCodeCraft/career_tool/app/channels/application_cable/connection.rb": [
        0,
        0,
        0,
        0
      ],
      "/Users/DanDevOps/Desktop/Web design/MyCodeCraft/career_tool/app/jobs/application_job.rb": [
        0,
        0
      ],
      "/Users/DanDevOps/Desktop/Web design/MyCodeCraft/career_tool/app/mailers/application_mailer.rb": [
        0,
        0,
        0,
        0
      ],
      "/Users/DanDevOps/Desktop/Web design/MyCodeCraft/career_tool/app/models/application_record.rb": [
        0,
        0,
        0
      ],
      "/Users/DanDevOps/Desktop/Web design/MyCodeCraft/career_tool/app/models/user.rb": [
        0,
        0,
        0,
        0,
        0,
        0,
        0,
        0,
        0,
        0,
        0
      ]
    },
    "timestamp": 1515453313
  },
  "Cucumber Features": {
    "coverage": {
      "/Users/DanDevOps/Desktop/Web design/MyCodeCraft/career_tool/app/models/user.rb": [
        1,
        null,
        null,
        null,
        1,
        null,
        1,
        1,
        null,
        null,
        null
      ],
      "/Users/DanDevOps/Desktop/Web design/MyCodeCraft/career_tool/app/models/application_record.rb": [
        1,
        1,
        null
      ],
      "/Users/DanDevOps/Desktop/Web design/MyCodeCraft/career_tool/app/controllers/application_controller.rb": [
        1,
        1,
        null,
        1,
        null,
        1,
        null,
        1,
        1,
        1,
        null,
        null,
        null,
        1,
        null,
        1,
        2,
        null,
        null,
        null,
        1,
        4,
        1,
        3,
        0,
        3,
        0,
        null,
        3,
        null,
        null,
        null,
        null
      ],
      "/Users/DanDevOps/Desktop/Web design/MyCodeCraft/career_tool/app/helpers/application_helper.rb": [
        1,
        null
      ],
      "/Users/DanDevOps/Desktop/Web design/MyCodeCraft/career_tool/app/helpers/admin/job_families_helper.rb": [
        1,
        null
      ],
      "/Users/DanDevOps/Desktop/Web design/MyCodeCraft/career_tool/app/helpers/admin/jobs_helper.rb": [
        1,
        null
      ],
      "/Users/DanDevOps/Desktop/Web design/MyCodeCraft/career_tool/app/helpers/admin/primary_clusters_helper.rb": [
        1,
        null
      ],
      "/Users/DanDevOps/Desktop/Web design/MyCodeCraft/career_tool/app/controllers/admin/jobs_controller.rb": [
        1,
        null,
        1,
        null,
        1,
        null,
        null,
        null,
        null
      ],
      "/Users/DanDevOps/Desktop/Web design/MyCodeCraft/career_tool/app/controllers/admin/primary_clusters_controller.rb": [
        1,
        null,
        1,
        1,
        null,
        null,
        1,
        1,
        1,
        1,
        1,
        null,
        null,
        null,
        null,
        1,
        null,
        1,
        null,
        1,
        null,
        null,
        null,
        null
      ],
      "/Users/DanDevOps/Desktop/Web design/MyCodeCraft/career_tool/app/models/primary_cluster.rb": [
        1,
        null,
        1,
        null,
        1,
        null,
        null,
        1,
        null,
        1,
        1,
        null,
        null,
        null
      ],
      "/Users/DanDevOps/Desktop/Web design/MyCodeCraft/career_tool/app/controllers/admin/job_families_controller.rb": [
        1,
        null,
        null,
        1,
        1,
        null,
        null,
        1,
        0,
        0,
        0,
        0,
        null,
        null,
        null,
        null,
        1,
        null,
        1,
        null,
        0,
        null,
        null,
        null,
        null,
        null
      ],
      "/Users/DanDevOps/Desktop/Web design/MyCodeCraft/career_tool/app/models/job_family.rb": [
        1,
        null,
        1,
        null,
        1,
        null,
        null,
        1,
        null,
        1,
        0,
        null,
        null,
        null,
        null,
        null
      ],
      "/Users/DanDevOps/Desktop/Web design/MyCodeCraft/career_tool/app/channels/application_cable/channel.rb": [
        0,
        0,
        0,
        0
      ],
      "/Users/DanDevOps/Desktop/Web design/MyCodeCraft/career_tool/app/channels/application_cable/connection.rb": [
        0,
        0,
        0,
        0
      ],
      "/Users/DanDevOps/Desktop/Web design/MyCodeCraft/career_tool/app/jobs/application_job.rb": [
        0,
        0
      ],
      "/Users/DanDevOps/Desktop/Web design/MyCodeCraft/career_tool/app/mailers/application_mailer.rb": [
        0,
        0,
        0,
        0
      ]
    },
    "timestamp": 1515454538
  }
}
